<?xml version="1.0" encoding="UTF-8"?>
<!-- Generated by org.testng.reporters.JUnitReportReporter -->
<testsuite hostname="LAPTOP-D7OSHBCM" failures="0" tests="1" name="practice.Sample" time="0.011" errors="0" timestamp="2022-03-12T14:06:58 IST" skipped="0">
  <testcase classname="practice.Sample" name="sample" time="0.011"/>
  <system-out/>
</testsuite> <!-- practice.Sample -->
